This is pdfTeX, Version 3.141592653-2.6-1.40.24 (TeX Live 2022) (preloaded format=pdflatex 2022.12.2)  16 DEC 2022 16:31
entering extended mode
 restricted \write18 enabled.
 %&-line parsing enabled.
**2022_08_02_Empathy_Poor_Homelessness_report_11_8_2022.tex
(./2022_08_02_Empathy_Poor_Homelessness_report_11_8_2022.tex
LaTeX2e <2022-11-01> patch level 1
L3 programming layer <2022-11-02> (/Users/davidbroska/Library/TinyTeX/texmf-dist/tex/latex/base/article.cls
Document Class: article 2022/07/02 v1.4n Standard LaTeX document class
(/Users/davidbroska/Library/TinyTeX/texmf-dist/tex/latex/base/size10.clo
File: size10.clo 2022/07/02 v1.4n Standard LaTeX file (size option)
)
\c@part=\count185
\c@section=\count186
\c@subsection=\count187
\c@subsubsection=\count188
\c@paragraph=\count189
\c@subparagraph=\count190
\c@figure=\count191
\c@table=\count192
\abovecaptionskip=\skip48
\belowcaptionskip=\skip49
\bibindent=\dimen140
) (/Users/davidbroska/Library/TinyTeX/texmf-dist/tex/latex/amsmath/amsmath.sty
Package: amsmath 2022/04/08 v2.17n AMS math features
\@mathmargin=\skip50
For additional information on amsmath, use the `?' option.
(/Users/davidbroska/Library/TinyTeX/texmf-dist/tex/latex/amsmath/amstext.sty
Package: amstext 2021/08/26 v2.01 AMS text
(/Users/davidbroska/Library/TinyTeX/texmf-dist/tex/latex/amsmath/amsgen.sty
File: amsgen.sty 1999/11/30 v2.0 generic functions
\@emptytoks=\toks16
\ex@=\dimen141
)) (/Users/davidbroska/Library/TinyTeX/texmf-dist/tex/latex/amsmath/amsbsy.sty
Package: amsbsy 1999/11/29 v1.2d Bold Symbols
\pmbraise@=\dimen142
) (/Users/davidbroska/Library/TinyTeX/texmf-dist/tex/latex/amsmath/amsopn.sty
Package: amsopn 2022/04/08 v2.04 operator names
)
\inf@bad=\count193
LaTeX Info: Redefining \frac on input line 234.
\uproot@=\count194
\leftroot@=\count195
LaTeX Info: Redefining \overline on input line 399.
LaTeX Info: Redefining \colon on input line 410.
\classnum@=\count196
\DOTSCASE@=\count197
LaTeX Info: Redefining \ldots on input line 496.
LaTeX Info: Redefining \dots on input line 499.
LaTeX Info: Redefining \cdots on input line 620.
\Mathstrutbox@=\box51
\strutbox@=\box52
LaTeX Info: Redefining \big on input line 722.
LaTeX Info: Redefining \Big on input line 723.
LaTeX Info: Redefining \bigg on input line 724.
LaTeX Info: Redefining \Bigg on input line 725.
\big@size=\dimen143
LaTeX Font Info:    Redeclaring font encoding OML on input line 743.
LaTeX Font Info:    Redeclaring font encoding OMS on input line 744.
\macc@depth=\count198
LaTeX Info: Redefining \bmod on input line 905.
LaTeX Info: Redefining \pmod on input line 910.
LaTeX Info: Redefining \smash on input line 940.
LaTeX Info: Redefining \relbar on input line 970.
LaTeX Info: Redefining \Relbar on input line 971.
\c@MaxMatrixCols=\count199
\dotsspace@=\muskip16
\c@parentequation=\count266
\dspbrk@lvl=\count267
\tag@help=\toks17
\row@=\count268
\column@=\count269
\maxfields@=\count270
\andhelp@=\toks18
\eqnshift@=\dimen144
\alignsep@=\dimen145
\tagshift@=\dimen146
\tagwidth@=\dimen147
\totwidth@=\dimen148
\lineht@=\dimen149
\@envbody=\toks19
\multlinegap=\skip51
\multlinetaggap=\skip52
\mathdisplay@stack=\toks20
LaTeX Info: Redefining \[ on input line 2953.
LaTeX Info: Redefining \] on input line 2954.
) (/Users/davidbroska/Library/TinyTeX/texmf-dist/tex/latex/amsfonts/amssymb.sty
Package: amssymb 2013/01/14 v3.01 AMS font symbols
(/Users/davidbroska/Library/TinyTeX/texmf-dist/tex/latex/amsfonts/amsfonts.sty
Package: amsfonts 2013/01/14 v3.01 Basic AMSFonts support
\symAMSa=\mathgroup4
\symAMSb=\mathgroup5
LaTeX Font Info:    Redeclaring math symbol \hbar on input line 98.
LaTeX Font Info:    Overwriting math alphabet `\mathfrak' in version `bold'
(Font)                  U/euf/m/n --> U/euf/b/n on input line 106.
)) (/Users/davidbroska/Library/TinyTeX/texmf-dist/tex/latex/lm/lmodern.sty
Package: lmodern 2015/05/01 v1.6.1 Latin Modern Fonts
LaTeX Font Info:    Overwriting symbol font `operators' in version `normal'
(Font)                  OT1/cmr/m/n --> OT1/lmr/m/n on input line 22.
LaTeX Font Info:    Overwriting symbol font `letters' in version `normal'
(Font)                  OML/cmm/m/it --> OML/lmm/m/it on input line 23.
LaTeX Font Info:    Overwriting symbol font `symbols' in version `normal'
(Font)                  OMS/cmsy/m/n --> OMS/lmsy/m/n on input line 24.
LaTeX Font Info:    Overwriting symbol font `largesymbols' in version `normal'
(Font)                  OMX/cmex/m/n --> OMX/lmex/m/n on input line 25.
LaTeX Font Info:    Overwriting symbol font `operators' in version `bold'
(Font)                  OT1/cmr/bx/n --> OT1/lmr/bx/n on input line 26.
LaTeX Font Info:    Overwriting symbol font `letters' in version `bold'
(Font)                  OML/cmm/b/it --> OML/lmm/b/it on input line 27.
LaTeX Font Info:    Overwriting symbol font `symbols' in version `bold'
(Font)                  OMS/cmsy/b/n --> OMS/lmsy/b/n on input line 28.
LaTeX Font Info:    Overwriting symbol font `largesymbols' in version `bold'
(Font)                  OMX/cmex/m/n --> OMX/lmex/m/n on input line 29.
LaTeX Font Info:    Overwriting math alphabet `\mathbf' in version `normal'
(Font)                  OT1/cmr/bx/n --> OT1/lmr/bx/n on input line 31.
LaTeX Font Info:    Overwriting math alphabet `\mathsf' in version `normal'
(Font)                  OT1/cmss/m/n --> OT1/lmss/m/n on input line 32.
LaTeX Font Info:    Overwriting math alphabet `\mathit' in version `normal'
(Font)                  OT1/cmr/m/it --> OT1/lmr/m/it on input line 33.
LaTeX Font Info:    Overwriting math alphabet `\mathtt' in version `normal'
(Font)                  OT1/cmtt/m/n --> OT1/lmtt/m/n on input line 34.
LaTeX Font Info:    Overwriting math alphabet `\mathbf' in version `bold'
(Font)                  OT1/cmr/bx/n --> OT1/lmr/bx/n on input line 35.
LaTeX Font Info:    Overwriting math alphabet `\mathsf' in version `bold'
(Font)                  OT1/cmss/bx/n --> OT1/lmss/bx/n on input line 36.
LaTeX Font Info:    Overwriting math alphabet `\mathit' in version `bold'
(Font)                  OT1/cmr/bx/it --> OT1/lmr/bx/it on input line 37.
LaTeX Font Info:    Overwriting math alphabet `\mathtt' in version `bold'
(Font)                  OT1/cmtt/m/n --> OT1/lmtt/m/n on input line 38.
) (/Users/davidbroska/Library/TinyTeX/texmf-dist/tex/generic/iftex/iftex.sty
Package: iftex 2022/02/03 v1.0f TeX engine tests
) (/Users/davidbroska/Library/TinyTeX/texmf-dist/tex/latex/base/fontenc.sty
Package: fontenc 2021/04/29 v2.0v Standard LaTeX package
LaTeX Font Info:    Trying to load font information for T1+lmr on input line 112.
(/Users/davidbroska/Library/TinyTeX/texmf-dist/tex/latex/lm/t1lmr.fd
File: t1lmr.fd 2015/05/01 v1.6.1 Font defs for Latin Modern
)) (/Users/davidbroska/Library/TinyTeX/texmf-dist/tex/latex/base/inputenc.sty
Package: inputenc 2021/02/14 v1.3d Input encoding file
\inpenc@prehook=\toks21
\inpenc@posthook=\toks22
) (/Users/davidbroska/Library/TinyTeX/texmf-dist/tex/latex/base/textcomp.sty
Package: textcomp 2020/02/02 v2.0n Standard LaTeX package
) (/Users/davidbroska/Library/TinyTeX/texmf-dist/tex/latex/xcolor/xcolor.sty
Package: xcolor 2022/06/12 v2.14 LaTeX color extensions (UK)
(/Users/davidbroska/Library/TinyTeX/texmf-dist/tex/latex/graphics-cfg/color.cfg
File: color.cfg 2016/01/02 v1.6 sample color configuration
)
Package xcolor Info: Driver file: pdftex.def on input line 227.
(/Users/davidbroska/Library/TinyTeX/texmf-dist/tex/latex/graphics-def/pdftex.def
File: pdftex.def 2022/09/22 v1.2b Graphics/color driver for pdftex
) (/Users/davidbroska/Library/TinyTeX/texmf-dist/tex/latex/graphics/mathcolor.ltx)
Package xcolor Info: Model `cmy' substituted by `cmy0' on input line 1353.
Package xcolor Info: Model `hsb' substituted by `rgb' on input line 1357.
Package xcolor Info: Model `RGB' extended on input line 1369.
Package xcolor Info: Model `HTML' substituted by `rgb' on input line 1371.
Package xcolor Info: Model `Hsb' substituted by `hsb' on input line 1372.
Package xcolor Info: Model `tHsb' substituted by `hsb' on input line 1373.
Package xcolor Info: Model `HSB' substituted by `hsb' on input line 1374.
Package xcolor Info: Model `Gray' substituted by `gray' on input line 1375.
Package xcolor Info: Model `wave' substituted by `hsb' on input line 1376.
) (/Users/davidbroska/Library/TinyTeX/texmf-dist/tex/latex/geometry/geometry.sty
Package: geometry 2020/01/02 v5.9 Page Geometry
(/Users/davidbroska/Library/TinyTeX/texmf-dist/tex/latex/graphics/keyval.sty
Package: keyval 2022/05/29 v1.15 key=value parser (DPC)
\KV@toks@=\toks23
) (/Users/davidbroska/Library/TinyTeX/texmf-dist/tex/generic/iftex/ifvtex.sty
Package: ifvtex 2019/10/25 v1.7 ifvtex legacy package. Use iftex instead.
)
\Gm@cnth=\count271
\Gm@cntv=\count272
\c@Gm@tempcnt=\count273
\Gm@bindingoffset=\dimen150
\Gm@wd@mp=\dimen151
\Gm@odd@mp=\dimen152
\Gm@even@mp=\dimen153
\Gm@layoutwidth=\dimen154
\Gm@layoutheight=\dimen155
\Gm@layouthoffset=\dimen156
\Gm@layoutvoffset=\dimen157
\Gm@dimlist=\toks24
) (/Users/davidbroska/Library/TinyTeX/texmf-dist/tex/latex/fancyvrb/fancyvrb.sty
Package: fancyvrb 2022/06/06 4.5 verbatim text (tvz,hv)
\FV@CodeLineNo=\count274
\FV@InFile=\read2
\FV@TabBox=\box53
\c@FancyVerbLine=\count275
\FV@StepNumber=\count276
\FV@OutFile=\write3
) (/Users/davidbroska/Library/TinyTeX/texmf-dist/tex/latex/framed/framed.sty
Package: framed 2011/10/22 v 0.96: framed or shaded text with page breaks
\OuterFrameSep=\skip53
\fb@frw=\dimen158
\fb@frh=\dimen159
\FrameRule=\dimen160
\FrameSep=\dimen161
) (/Users/davidbroska/Library/TinyTeX/texmf-dist/tex/latex/tools/longtable.sty
Package: longtable 2021-09-01 v4.17 Multi-page Table package (DPC)
\LTleft=\skip54
\LTright=\skip55
\LTpre=\skip56
\LTpost=\skip57
\LTchunksize=\count277
\LTcapwidth=\dimen162
\LT@head=\box54
\LT@firsthead=\box55
\LT@foot=\box56
\LT@lastfoot=\box57
\LT@gbox=\box58
\LT@cols=\count278
\LT@rows=\count279
\c@LT@tables=\count280
\c@LT@chunks=\count281
\LT@p@ftn=\toks25
) (/Users/davidbroska/Library/TinyTeX/texmf-dist/tex/latex/booktabs/booktabs.sty
Package: booktabs 2020/01/12 v1.61803398 Publication quality tables
\heavyrulewidth=\dimen163
\lightrulewidth=\dimen164
\cmidrulewidth=\dimen165
\belowrulesep=\dimen166
\belowbottomsep=\dimen167
\aboverulesep=\dimen168
\abovetopsep=\dimen169
\cmidrulesep=\dimen170
\cmidrulekern=\dimen171
\defaultaddspace=\dimen172
\@cmidla=\count282
\@cmidlb=\count283
\@aboverulesep=\dimen173
\@belowrulesep=\dimen174
\@thisruleclass=\count284
\@lastruleclass=\count285
\@thisrulewidth=\dimen175
) (/Users/davidbroska/Library/TinyTeX/texmf-dist/tex/latex/tools/array.sty
Package: array 2022/09/04 v2.5g Tabular extension package (FMi)
\col@sep=\dimen176
\ar@mcellbox=\box59
\extrarowheight=\dimen177
\NC@list=\toks26
\extratabsurround=\skip58
\backup@length=\skip59
\ar@cellbox=\box60
) (/Users/davidbroska/Library/TinyTeX/texmf-dist/tex/latex/tools/calc.sty
Package: calc 2017/05/25 v4.3 Infix arithmetic (KKT,FJ)
\calc@Acount=\count286
\calc@Bcount=\count287
\calc@Adimen=\dimen178
\calc@Bdimen=\dimen179
\calc@Askip=\skip60
\calc@Bskip=\skip61
LaTeX Info: Redefining \setlength on input line 80.
LaTeX Info: Redefining \addtolength on input line 81.
\calc@Ccount=\count288
\calc@Cskip=\skip62
) (/Users/davidbroska/Library/TinyTeX/texmf-dist/tex/latex/etoolbox/etoolbox.sty
Package: etoolbox 2020/10/05 v2.5k e-TeX tools for LaTeX (JAW)
\etb@tempcnta=\count289
) (/Users/davidbroska/Library/TinyTeX/texmf-dist/tex/latex/mdwtools/footnote.sty
Package: footnote 1997/01/28 1.13 Save footnotes around boxes
\fn@notes=\box61
\fn@width=\dimen180
) (/Users/davidbroska/Library/TinyTeX/texmf-dist/tex/latex/graphics/graphicx.sty
Package: graphicx 2021/09/16 v1.2d Enhanced LaTeX Graphics (DPC,SPQR)
(/Users/davidbroska/Library/TinyTeX/texmf-dist/tex/latex/graphics/graphics.sty
Package: graphics 2022/03/10 v1.4e Standard LaTeX Graphics (DPC,SPQR)
(/Users/davidbroska/Library/TinyTeX/texmf-dist/tex/latex/graphics/trig.sty
Package: trig 2021/08/11 v1.11 sin cos tan (DPC)
) (/Users/davidbroska/Library/TinyTeX/texmf-dist/tex/latex/graphics-cfg/graphics.cfg
File: graphics.cfg 2016/06/04 v1.11 sample graphics configuration
)
Package graphics Info: Driver file: pdftex.def on input line 107.
)
\Gin@req@height=\dimen181
\Gin@req@width=\dimen182
) (/Users/davidbroska/Library/TinyTeX/texmf-dist/tex/latex/setspace/setspace.sty
Package: setspace 2022/12/04 v6.7b set line spacing
) (/Users/davidbroska/Library/TinyTeX/texmf-dist/tex/latex/float/float.sty
Package: float 2001/11/08 v1.3d Float enhancements (AL)
\c@float@type=\count290
\float@exts=\toks27
\float@box=\box62
\@float@everytoks=\toks28
\@floatcapt=\box63
) (/Users/davidbroska/Library/TinyTeX/texmf-dist/tex/latex/tools/dcolumn.sty
Package: dcolumn 2014/10/28 v1.06 decimal alignment package (DPC)
) (/Users/davidbroska/Library/TinyTeX/texmf-dist/tex/latex/multirow/multirow.sty
Package: multirow 2021/03/15 v2.8 Span multiple rows of a table
\multirow@colwidth=\skip63
\multirow@cntb=\count291
\multirow@dima=\skip64
\bigstrutjot=\dimen183
) (/Users/davidbroska/Library/TinyTeX/texmf-dist/tex/latex/wrapfig/wrapfig.sty
\wrapoverhang=\dimen184
\WF@size=\dimen185
\c@WF@wrappedlines=\count292
\WF@box=\box64
\WF@everypar=\toks29
Package: wrapfig 2003/01/31  v 3.6
) (/Users/davidbroska/Library/TinyTeX/texmf-dist/tex/latex/colortbl/colortbl.sty
Package: colortbl 2022/06/20 v1.0f Color table columns (DPC)
\everycr=\toks30
\minrowclearance=\skip65
\rownum=\count293
) (/Users/davidbroska/Library/TinyTeX/texmf-dist/tex/latex/pdflscape/pdflscape.sty
Package: pdflscape 2022-10-27 v0.13 Display of landscape pages in PDF
(/Users/davidbroska/Library/TinyTeX/texmf-dist/tex/latex/pdflscape/pdflscape-nometadata.sty
Package: pdflscape-nometadata 2022-10-28 v0.13 Display of landscape pages in PDF (HO)
(/Users/davidbroska/Library/TinyTeX/texmf-dist/tex/latex/graphics/lscape.sty
Package: lscape 2020/05/28 v3.02 Landscape Pages (DPC)
)
Package pdflscape Info: Auto-detected driver: pdftex on input line 81.
)) (/Users/davidbroska/Library/TinyTeX/texmf-dist/tex/latex/tabu/tabu.sty
Package: tabu 2019/01/11 v2.9 - flexible LaTeX tabulars (FC+tabu-fixed)
(/Users/davidbroska/Library/TinyTeX/texmf-dist/tex/latex/varwidth/varwidth.sty
Package: varwidth 2009/03/30 ver 0.92;  Variable-width minipages
\@vwid@box=\box65
\sift@deathcycles=\count294
\@vwid@loff=\dimen186
\@vwid@roff=\dimen187
)
\c@taburow=\count295
\tabu@nbcols=\count296
\tabu@cnt=\count297
\tabu@Xcol=\count298
\tabu@alloc=\count299
\tabu@nested=\count300
\tabu@target=\dimen188
\tabu@spreadtarget=\dimen189
\tabu@naturalX=\dimen190
\tabucolX=\dimen191
\tabu@Xsum=\dimen192
\extrarowdepth=\dimen193
\abovetabulinesep=\dimen194
\belowtabulinesep=\dimen195
\tabustrutrule=\dimen196
\tabu@thebody=\toks31
\tabu@footnotes=\toks32
\tabu@box=\box66
\tabu@arstrutbox=\box67
\tabu@hleads=\box68
\tabu@vleads=\box69
\tabu@cellskip=\skip66
) (/Users/davidbroska/Library/TinyTeX/texmf-dist/tex/latex/threeparttable/threeparttable.sty
Package: threeparttable 2003/06/13  v 3.0
\@tempboxb=\box70
) (/Users/davidbroska/Library/TinyTeX/texmf-dist/tex/latex/threeparttablex/threeparttablex.sty
Package: threeparttablex 2013/07/23 v0.3 by daleif
(/Users/davidbroska/Library/TinyTeX/texmf-dist/tex/latex/environ/environ.sty
Package: environ 2014/05/04 v0.3 A new way to define environments
(/Users/davidbroska/Library/TinyTeX/texmf-dist/tex/latex/trimspaces/trimspaces.sty
Package: trimspaces 2009/09/17 v1.1 Trim spaces around a token list
))
\TPTL@width=\skip67
) (/Users/davidbroska/Library/TinyTeX/texmf-dist/tex/generic/ulem/ulem.sty
\UL@box=\box71
\UL@hyphenbox=\box72
\UL@skip=\skip68
\UL@hook=\toks33
\UL@height=\dimen197
\UL@pe=\count301
\UL@pixel=\dimen198
\ULC@box=\box73
Package: ulem 2019/11/18
\ULdepth=\dimen199
) (/Users/davidbroska/Library/TinyTeX/texmf-dist/tex/latex/makecell/makecell.sty
Package: makecell 2009/08/03 V0.1e Managing of Tab Column Heads and Cells
\rotheadsize=\dimen256
\c@nlinenum=\count302
\TeXr@lab=\toks34
) (/Users/davidbroska/Library/TinyTeX/texmf-dist/tex/latex/hyperref/hyperref.sty
Package: hyperref 2022-11-13 v7.00u Hypertext links for LaTeX
(/Users/davidbroska/Library/TinyTeX/texmf-dist/tex/generic/ltxcmds/ltxcmds.sty
Package: ltxcmds 2020-05-10 v1.25 LaTeX kernel commands for general use (HO)
) (/Users/davidbroska/Library/TinyTeX/texmf-dist/tex/generic/pdftexcmds/pdftexcmds.sty
Package: pdftexcmds 2020-06-27 v0.33 Utility functions of pdfTeX for LuaTeX (HO)
(/Users/davidbroska/Library/TinyTeX/texmf-dist/tex/generic/infwarerr/infwarerr.sty
Package: infwarerr 2019/12/03 v1.5 Providing info/warning/error messages (HO)
)
Package pdftexcmds Info: \pdf@primitive is available.
Package pdftexcmds Info: \pdf@ifprimitive is available.
Package pdftexcmds Info: \pdfdraftmode found.
) (/Users/davidbroska/Library/TinyTeX/texmf-dist/tex/latex/kvsetkeys/kvsetkeys.sty
Package: kvsetkeys 2022-10-05 v1.19 Key value parser (HO)
) (/Users/davidbroska/Library/TinyTeX/texmf-dist/tex/generic/kvdefinekeys/kvdefinekeys.sty
Package: kvdefinekeys 2019-12-19 v1.6 Define keys (HO)
) (/Users/davidbroska/Library/TinyTeX/texmf-dist/tex/generic/pdfescape/pdfescape.sty
Package: pdfescape 2019/12/09 v1.15 Implements pdfTeX's escape features (HO)
) (/Users/davidbroska/Library/TinyTeX/texmf-dist/tex/latex/hycolor/hycolor.sty
Package: hycolor 2020-01-27 v1.10 Color options for hyperref/bookmark (HO)
) (/Users/davidbroska/Library/TinyTeX/texmf-dist/tex/latex/letltxmacro/letltxmacro.sty
Package: letltxmacro 2019/12/03 v1.6 Let assignment for LaTeX macros (HO)
) (/Users/davidbroska/Library/TinyTeX/texmf-dist/tex/latex/auxhook/auxhook.sty
Package: auxhook 2019-12-17 v1.6 Hooks for auxiliary files (HO)
) (/Users/davidbroska/Library/TinyTeX/texmf-dist/tex/latex/hyperref/nameref.sty
Package: nameref 2022-05-17 v2.50 Cross-referencing by name of section
(/Users/davidbroska/Library/TinyTeX/texmf-dist/tex/latex/refcount/refcount.sty
Package: refcount 2019/12/15 v3.6 Data extraction from label references (HO)
) (/Users/davidbroska/Library/TinyTeX/texmf-dist/tex/generic/gettitlestring/gettitlestring.sty
Package: gettitlestring 2019/12/15 v1.6 Cleanup title references (HO)
(/Users/davidbroska/Library/TinyTeX/texmf-dist/tex/latex/kvoptions/kvoptions.sty
Package: kvoptions 2022-06-15 v3.15 Key value format for package options (HO)
))
\c@section@level=\count303
)
\@linkdim=\dimen257
\Hy@linkcounter=\count304
\Hy@pagecounter=\count305
(/Users/davidbroska/Library/TinyTeX/texmf-dist/tex/latex/hyperref/pd1enc.def
File: pd1enc.def 2022-11-13 v7.00u Hyperref: PDFDocEncoding definition (HO)
Now handling font encoding PD1 ...
... no UTF-8 mapping file for font encoding PD1
) (/Users/davidbroska/Library/TinyTeX/texmf-dist/tex/generic/intcalc/intcalc.sty
Package: intcalc 2019/12/15 v1.3 Expandable calculations with integers (HO)
) (/Users/davidbroska/Library/TinyTeX/texmf-dist/tex/generic/etexcmds/etexcmds.sty
Package: etexcmds 2019/12/15 v1.7 Avoid name clashes with e-TeX commands (HO)
)
\Hy@SavedSpaceFactor=\count306
(/Users/davidbroska/Library/TinyTeX/texmf-dist/tex/latex/hyperref/puenc.def
File: puenc.def 2022-11-13 v7.00u Hyperref: PDF Unicode definition (HO)
Now handling font encoding PU ...
... no UTF-8 mapping file for font encoding PU
)
Package hyperref Info: Option `unicode' set `true' on input line 4045.
Package hyperref Info: Hyper figures OFF on input line 4162.
Package hyperref Info: Link nesting OFF on input line 4167.
Package hyperref Info: Hyper index ON on input line 4170.
Package hyperref Info: Plain pages OFF on input line 4177.
Package hyperref Info: Backreferencing OFF on input line 4182.
Package hyperref Info: Implicit mode ON; LaTeX internals redefined.
Package hyperref Info: Bookmarks ON on input line 4410.
\c@Hy@tempcnt=\count307
(/Users/davidbroska/Library/TinyTeX/texmf-dist/tex/latex/url/url.sty
\Urlmuskip=\muskip17
Package: url 2013/09/16  ver 3.4  Verb mode for urls, etc.
)
LaTeX Info: Redefining \url on input line 4748.
\XeTeXLinkMargin=\dimen258
(/Users/davidbroska/Library/TinyTeX/texmf-dist/tex/generic/bitset/bitset.sty
Package: bitset 2019/12/09 v1.3 Handle bit-vector datatype (HO)
(/Users/davidbroska/Library/TinyTeX/texmf-dist/tex/generic/bigintcalc/bigintcalc.sty
Package: bigintcalc 2019/12/15 v1.5 Expandable calculations on big integers (HO)
))
\Fld@menulength=\count308
\Field@Width=\dimen259
\Fld@charsize=\dimen260
Package hyperref Info: Hyper figures OFF on input line 6027.
Package hyperref Info: Link nesting OFF on input line 6032.
Package hyperref Info: Hyper index ON on input line 6035.
Package hyperref Info: backreferencing OFF on input line 6042.
Package hyperref Info: Link coloring OFF on input line 6047.
Package hyperref Info: Link coloring with OCG OFF on input line 6052.
Package hyperref Info: PDF/A mode OFF on input line 6057.
(/Users/davidbroska/Library/TinyTeX/texmf-dist/tex/latex/base/atbegshi-ltx.sty
Package: atbegshi-ltx 2021/01/10 v1.0c Emulation of the original atbegshi
package with kernel methods
)
\Hy@abspage=\count309
\c@Item=\count310
\c@Hfootnote=\count311
)
Package hyperref Info: Driver (autodetected): hpdftex.
(/Users/davidbroska/Library/TinyTeX/texmf-dist/tex/latex/hyperref/hpdftex.def
File: hpdftex.def 2022-11-13 v7.00u Hyperref driver for pdfTeX
(/Users/davidbroska/Library/TinyTeX/texmf-dist/tex/latex/base/atveryend-ltx.sty
Package: atveryend-ltx 2020/08/19 v1.0a Emulation of the original atveryend package
with kernel methods
)
\Fld@listcount=\count312
\c@bookmark@seq@number=\count313
(/Users/davidbroska/Library/TinyTeX/texmf-dist/tex/latex/rerunfilecheck/rerunfilecheck.sty
Package: rerunfilecheck 2022-07-10 v1.10 Rerun checks for auxiliary files (HO)
(/Users/davidbroska/Library/TinyTeX/texmf-dist/tex/generic/uniquecounter/uniquecounter.sty
Package: uniquecounter 2019/12/15 v1.4 Provide unlimited unique counter (HO)
)
Package uniquecounter Info: New unique counter `rerunfilecheck' on input line 285.
)
\Hy@SectionHShift=\skip69
) (/Users/davidbroska/Library/TinyTeX/texmf-dist/tex/latex/l3backend/l3backend-pdftex.def
File: l3backend-pdftex.def 2022-10-26 L3 backend support: PDF output (pdfTeX)
\l__color_backend_stack_int=\count314
\l__pdf_internal_box=\box74
) (./2022_08_02_Empathy_Poor_Homelessness_report_11_8_2022.aux

LaTeX Warning: Label `tab:spec-welfare-stargazer' multiply defined.


LaTeX Warning: Label `tab:spec-welfare-stargazer' multiply defined.


LaTeX Warning: Label `tab:spec-welfare-stargazer' multiply defined.


LaTeX Warning: Label `tab:spec-welfare-stargazer' multiply defined.


LaTeX Warning: Label `tab:spec-welfare-stargazer' multiply defined.


LaTeX Warning: Label `tab:spec-welfare-stargazer' multiply defined.


LaTeX Warning: Label `tab:spec-welfare-stargazer' multiply defined.

)
\openout1 = `2022_08_02_Empathy_Poor_Homelessness_report_11_8_2022.aux'.

LaTeX Font Info:    Checking defaults for OML/cmm/m/it on input line 170.
LaTeX Font Info:    ... okay on input line 170.
LaTeX Font Info:    Checking defaults for OMS/cmsy/m/n on input line 170.
LaTeX Font Info:    ... okay on input line 170.
LaTeX Font Info:    Checking defaults for OT1/cmr/m/n on input line 170.
LaTeX Font Info:    ... okay on input line 170.
LaTeX Font Info:    Checking defaults for T1/cmr/m/n on input line 170.
LaTeX Font Info:    ... okay on input line 170.
LaTeX Font Info:    Checking defaults for TS1/cmr/m/n on input line 170.
LaTeX Font Info:    ... okay on input line 170.
LaTeX Font Info:    Checking defaults for OMX/cmex/m/n on input line 170.
LaTeX Font Info:    ... okay on input line 170.
LaTeX Font Info:    Checking defaults for U/cmr/m/n on input line 170.
LaTeX Font Info:    ... okay on input line 170.
LaTeX Font Info:    Checking defaults for PD1/pdf/m/n on input line 170.
LaTeX Font Info:    ... okay on input line 170.
LaTeX Font Info:    Checking defaults for PU/pdf/m/n on input line 170.
LaTeX Font Info:    ... okay on input line 170.
(/Users/davidbroska/Library/TinyTeX/texmf-dist/tex/latex/epstopdf-pkg/epstopdf-base.sty
Package: epstopdf-base 2020-01-24 v2.11 Base part for package epstopdf
Package epstopdf-base Info: Redefining graphics rule for `.eps' on input line 485.
(/Users/davidbroska/Library/TinyTeX/texmf-dist/tex/latex/latexconfig/epstopdf-sys.cfg
File: epstopdf-sys.cfg 2010/07/13 v1.3 Configuration of (r)epstopdf for TeX Live
))
*geometry* driver: auto-detecting
*geometry* detected driver: pdftex
*geometry* verbose mode - [ preamble ] result:
* driver: pdftex
* paper: <default>
* layout: <same size as paper>
* layoutoffset:(h,v)=(0.0pt,0.0pt)
* modes: 
* h-part:(L,W,R)=(56.9055pt, 500.484pt, 56.9055pt)
* v-part:(T,H,B)=(35.56593pt, 709.61174pt, 49.79231pt)
* \paperwidth=614.295pt
* \paperheight=794.96999pt
* \textwidth=500.484pt
* \textheight=709.61174pt
* \oddsidemargin=-15.36449pt
* \evensidemargin=-15.36449pt
* \topmargin=-73.70406pt
* \headheight=12.0pt
* \headsep=25.0pt
* \topskip=10.0pt
* \footskip=30.0pt
* \marginparwidth=65.0pt
* \marginparsep=11.0pt
* \columnsep=10.0pt
* \skip\footins=9.0pt plus 4.0pt minus 2.0pt
* \hoffset=0.0pt
* \voffset=0.0pt
* \mag=1000
* \@twocolumnfalse
* \@twosidefalse
* \@mparswitchfalse
* \@reversemarginfalse
* (1in=72.27pt=25.4mm, 1cm=28.453pt)

Package hyperref Info: Link coloring OFF on input line 170.
(./2022_08_02_Empathy_Poor_Homelessness_report_11_8_2022.out) (./2022_08_02_Empathy_Poor_Homelessness_report_11_8_2022.out)
\@outlinefile=\write4
\openout4 = `2022_08_02_Empathy_Poor_Homelessness_report_11_8_2022.out'.

[1

{/Users/davidbroska/Library/TinyTeX/texmf-var/fonts/map/pdftex/updmap/pdftex.map}] (./2022_08_02_Empathy_Poor_Homelessness_report_11_8_2022.toc
LaTeX Font Info:    Trying to load font information for OT1+lmr on input line 5.
(/Users/davidbroska/Library/TinyTeX/texmf-dist/tex/latex/lm/ot1lmr.fd
File: ot1lmr.fd 2015/05/01 v1.6.1 Font defs for Latin Modern
)
LaTeX Font Info:    Trying to load font information for OML+lmm on input line 5.
(/Users/davidbroska/Library/TinyTeX/texmf-dist/tex/latex/lm/omllmm.fd
File: omllmm.fd 2015/05/01 v1.6.1 Font defs for Latin Modern
)
LaTeX Font Info:    Trying to load font information for OMS+lmsy on input line 5.
(/Users/davidbroska/Library/TinyTeX/texmf-dist/tex/latex/lm/omslmsy.fd
File: omslmsy.fd 2015/05/01 v1.6.1 Font defs for Latin Modern
)
LaTeX Font Info:    Trying to load font information for OMX+lmex on input line 5.
(/Users/davidbroska/Library/TinyTeX/texmf-dist/tex/latex/lm/omxlmex.fd
File: omxlmex.fd 2015/05/01 v1.6.1 Font defs for Latin Modern
)
LaTeX Font Info:    External font `lmex10' loaded for size
(Font)              <10> on input line 5.
LaTeX Font Info:    External font `lmex10' loaded for size
(Font)              <7> on input line 5.
LaTeX Font Info:    External font `lmex10' loaded for size
(Font)              <5> on input line 5.
LaTeX Font Info:    Trying to load font information for U+msa on input line 5.
(/Users/davidbroska/Library/TinyTeX/texmf-dist/tex/latex/amsfonts/umsa.fd
File: umsa.fd 2013/01/14 v3.01 AMS symbols A
)
LaTeX Font Info:    Trying to load font information for U+msb on input line 5.
(/Users/davidbroska/Library/TinyTeX/texmf-dist/tex/latex/amsfonts/umsb.fd
File: umsb.fd 2013/01/14 v3.01 AMS symbols B
) [1])
\tf@toc=\write5
\openout5 = `2022_08_02_Empathy_Poor_Homelessness_report_11_8_2022.toc'.

[2] (./2022_08_02_Empathy_Poor_Homelessness_report_11_8_2022.lof)
\tf@lof=\write6
\openout6 = `2022_08_02_Empathy_Poor_Homelessness_report_11_8_2022.lof'.

(./2022_08_02_Empathy_Poor_Homelessness_report_11_8_2022.lot [3])
\tf@lot=\write7
\openout7 = `2022_08_02_Empathy_Poor_Homelessness_report_11_8_2022.lot'.

[4]
<2022_08_02_Empathy_Poor_Homelessness_report_11_8_2022_files/figure-latex/plot-subjective-mobility-est-1.pdf, id=354, 469.755pt x 325.215pt>
File: 2022_08_02_Empathy_Poor_Homelessness_report_11_8_2022_files/figure-latex/plot-subjective-mobility-est-1.pdf Graphic file (type pdf)
<use 2022_08_02_Empathy_Poor_Homelessness_report_11_8_2022_files/figure-latex/plot-subjective-mobility-est-1.pdf>
Package pdftex.def Info: 2022_08_02_Empathy_Poor_Homelessness_report_11_8_2022_files/figure-latex/plot-subjective-mobility-est-1.pdf  used on input line 299.
(pdftex.def)             Requested size: 415.39986pt x 287.5845pt.
[1]
<2022_08_02_Empathy_Poor_Homelessness_report_11_8_2022_files/figure-latex/plot-quantitative-mobility-est-1.pdf, id=366, 469.755pt x 325.215pt>
File: 2022_08_02_Empathy_Poor_Homelessness_report_11_8_2022_files/figure-latex/plot-quantitative-mobility-est-1.pdf Graphic file (type pdf)
<use 2022_08_02_Empathy_Poor_Homelessness_report_11_8_2022_files/figure-latex/plot-quantitative-mobility-est-1.pdf>
Package pdftex.def Info: 2022_08_02_Empathy_Poor_Homelessness_report_11_8_2022_files/figure-latex/plot-quantitative-mobility-est-1.pdf  used on input line 308.
(pdftex.def)             Requested size: 415.39986pt x 287.5845pt.
LaTeX Font Info:    Trying to load font information for TS1+lmr on input line 321.
(/Users/davidbroska/Library/TinyTeX/texmf-dist/tex/latex/lm/ts1lmr.fd
File: ts1lmr.fd 2015/05/01 v1.6.1 Font defs for Latin Modern
) [2 <./2022_08_02_Empathy_Poor_Homelessness_report_11_8_2022_files/figure-latex/plot-subjective-mobility-est-1.pdf> <./2022_08_02_Empathy_Poor_Homelessness_report_11_8_2022_files/figure-latex/plot-quantitative-mobility-est-1.pdf>] [3] [4]
<2022_08_02_Empathy_Poor_Homelessness_report_11_8_2022_files/figure-latex/plot-GovEff-1.pdf, id=399, 469.755pt x 325.215pt>
File: 2022_08_02_Empathy_Poor_Homelessness_report_11_8_2022_files/figure-latex/plot-GovEff-1.pdf Graphic file (type pdf)
<use 2022_08_02_Empathy_Poor_Homelessness_report_11_8_2022_files/figure-latex/plot-GovEff-1.pdf>
Package pdftex.def Info: 2022_08_02_Empathy_Poor_Homelessness_report_11_8_2022_files/figure-latex/plot-GovEff-1.pdf  used on input line 485.
(pdftex.def)             Requested size: 450.42926pt x 311.83563pt.
[5]
<2022_08_02_Empathy_Poor_Homelessness_report_11_8_2022_files/figure-latex/perceived-income-1.pdf, id=405, 469.755pt x 325.215pt>
File: 2022_08_02_Empathy_Poor_Homelessness_report_11_8_2022_files/figure-latex/perceived-income-1.pdf Graphic file (type pdf)
<use 2022_08_02_Empathy_Poor_Homelessness_report_11_8_2022_files/figure-latex/perceived-income-1.pdf>
Package pdftex.def Info: 2022_08_02_Empathy_Poor_Homelessness_report_11_8_2022_files/figure-latex/perceived-income-1.pdf  used on input line 497.
(pdftex.def)             Requested size: 415.39986pt x 287.5845pt.
[6 <./2022_08_02_Empathy_Poor_Homelessness_report_11_8_2022_files/figure-latex/plot-GovEff-1.pdf>]
<2022_08_02_Empathy_Poor_Homelessness_report_11_8_2022_files/figure-latex/unnamed-chunk-2-1.pdf, id=422, 469.755pt x 325.215pt>
File: 2022_08_02_Empathy_Poor_Homelessness_report_11_8_2022_files/figure-latex/unnamed-chunk-2-1.pdf Graphic file (type pdf)
<use 2022_08_02_Empathy_Poor_Homelessness_report_11_8_2022_files/figure-latex/unnamed-chunk-2-1.pdf>
Package pdftex.def Info: 2022_08_02_Empathy_Poor_Homelessness_report_11_8_2022_files/figure-latex/unnamed-chunk-2-1.pdf  used on input line 509.
(pdftex.def)             Requested size: 325.314pt x 225.21738pt.
[7 <./2022_08_02_Empathy_Poor_Homelessness_report_11_8_2022_files/figure-latex/perceived-income-1.pdf> <./2022_08_02_Empathy_Poor_Homelessness_report_11_8_2022_files/figure-latex/unnamed-chunk-2-1.pdf>]
<2022_08_02_Empathy_Poor_Homelessness_report_11_8_2022_files/figure-latex/plot-general-welfare-1.pdf, id=439, 469.755pt x 325.215pt>
File: 2022_08_02_Empathy_Poor_Homelessness_report_11_8_2022_files/figure-latex/plot-general-welfare-1.pdf Graphic file (type pdf)
<use 2022_08_02_Empathy_Poor_Homelessness_report_11_8_2022_files/figure-latex/plot-general-welfare-1.pdf>
Package pdftex.def Info: 2022_08_02_Empathy_Poor_Homelessness_report_11_8_2022_files/figure-latex/plot-general-welfare-1.pdf  used on input line 551.
(pdftex.def)             Requested size: 415.39986pt x 287.5845pt.
<2022_08_02_Empathy_Poor_Homelessness_report_11_8_2022_files/figure-latex/plot-specific-welfare-1.pdf, id=440, 469.755pt x 325.215pt>
File: 2022_08_02_Empathy_Poor_Homelessness_report_11_8_2022_files/figure-latex/plot-specific-welfare-1.pdf Graphic file (type pdf)
<use 2022_08_02_Empathy_Poor_Homelessness_report_11_8_2022_files/figure-latex/plot-specific-welfare-1.pdf>
Package pdftex.def Info: 2022_08_02_Empathy_Poor_Homelessness_report_11_8_2022_files/figure-latex/plot-specific-welfare-1.pdf  used on input line 563.
(pdftex.def)             Requested size: 415.39986pt x 287.5845pt.
[8 <./2022_08_02_Empathy_Poor_Homelessness_report_11_8_2022_files/figure-latex/plot-general-welfare-1.pdf>]
<2022_08_02_Empathy_Poor_Homelessness_report_11_8_2022_files/figure-latex/plot-specific-welfare-preferences-insurance-1.pdf, id=459, 469.755pt x 325.215pt>
File: 2022_08_02_Empathy_Poor_Homelessness_report_11_8_2022_files/figure-latex/plot-specific-welfare-preferences-insurance-1.pdf Graphic file (type pdf)
<use 2022_08_02_Empathy_Poor_Homelessness_report_11_8_2022_files/figure-latex/plot-specific-welfare-preferences-insurance-1.pdf>
Package pdftex.def Info: 2022_08_02_Empathy_Poor_Homelessness_report_11_8_2022_files/figure-latex/plot-specific-welfare-preferences-insurance-1.pdf  used on input line 572.
(pdftex.def)             Requested size: 415.39986pt x 287.5845pt.
<2022_08_02_Empathy_Poor_Homelessness_report_11_8_2022_files/figure-latex/unnamed-chunk-4-1.pdf, id=460, 469.755pt x 325.215pt>
File: 2022_08_02_Empathy_Poor_Homelessness_report_11_8_2022_files/figure-latex/unnamed-chunk-4-1.pdf Graphic file (type pdf)
<use 2022_08_02_Empathy_Poor_Homelessness_report_11_8_2022_files/figure-latex/unnamed-chunk-4-1.pdf>
Package pdftex.def Info: 2022_08_02_Empathy_Poor_Homelessness_report_11_8_2022_files/figure-latex/unnamed-chunk-4-1.pdf  used on input line 582.
(pdftex.def)             Requested size: 415.39986pt x 287.5845pt.
[9 <./2022_08_02_Empathy_Poor_Homelessness_report_11_8_2022_files/figure-latex/plot-specific-welfare-1.pdf> <./2022_08_02_Empathy_Poor_Homelessness_report_11_8_2022_files/figure-latex/plot-specific-welfare-preferences-insurance-1.pdf>]
<2022_08_02_Empathy_Poor_Homelessness_report_11_8_2022_files/figure-latex/unnamed-chunk-5-1.pdf, id=486, 469.755pt x 325.215pt>
File: 2022_08_02_Empathy_Poor_Homelessness_report_11_8_2022_files/figure-latex/unnamed-chunk-5-1.pdf Graphic file (type pdf)
<use 2022_08_02_Empathy_Poor_Homelessness_report_11_8_2022_files/figure-latex/unnamed-chunk-5-1.pdf>
Package pdftex.def Info: 2022_08_02_Empathy_Poor_Homelessness_report_11_8_2022_files/figure-latex/unnamed-chunk-5-1.pdf  used on input line 587.
(pdftex.def)             Requested size: 415.39986pt x 287.5845pt.
<2022_08_02_Empathy_Poor_Homelessness_report_11_8_2022_files/figure-latex/social-mobility-childhood-education-1.pdf, id=487, 469.755pt x 325.215pt>
File: 2022_08_02_Empathy_Poor_Homelessness_report_11_8_2022_files/figure-latex/social-mobility-childhood-education-1.pdf Graphic file (type pdf)
<use 2022_08_02_Empathy_Poor_Homelessness_report_11_8_2022_files/figure-latex/social-mobility-childhood-education-1.pdf>
Package pdftex.def Info: 2022_08_02_Empathy_Poor_Homelessness_report_11_8_2022_files/figure-latex/social-mobility-childhood-education-1.pdf  used on input line 594.
(pdftex.def)             Requested size: 415.39986pt x 287.5845pt.
[10 <./2022_08_02_Empathy_Poor_Homelessness_report_11_8_2022_files/figure-latex/unnamed-chunk-4-1.pdf> <./2022_08_02_Empathy_Poor_Homelessness_report_11_8_2022_files/figure-latex/unnamed-chunk-5-1.pdf>]
<2022_08_02_Empathy_Poor_Homelessness_report_11_8_2022_files/figure-latex/social-mobility-college-education-1.pdf, id=515, 469.755pt x 325.215pt>
File: 2022_08_02_Empathy_Poor_Homelessness_report_11_8_2022_files/figure-latex/social-mobility-college-education-1.pdf Graphic file (type pdf)
<use 2022_08_02_Empathy_Poor_Homelessness_report_11_8_2022_files/figure-latex/social-mobility-college-education-1.pdf>
Package pdftex.def Info: 2022_08_02_Empathy_Poor_Homelessness_report_11_8_2022_files/figure-latex/social-mobility-college-education-1.pdf  used on input line 603.
(pdftex.def)             Requested size: 415.39986pt x 287.5845pt.
<2022_08_02_Empathy_Poor_Homelessness_report_11_8_2022_files/figure-latex/unnamed-chunk-6-1.pdf, id=516, 469.755pt x 325.215pt>
File: 2022_08_02_Empathy_Poor_Homelessness_report_11_8_2022_files/figure-latex/unnamed-chunk-6-1.pdf Graphic file (type pdf)
<use 2022_08_02_Empathy_Poor_Homelessness_report_11_8_2022_files/figure-latex/unnamed-chunk-6-1.pdf>
Package pdftex.def Info: 2022_08_02_Empathy_Poor_Homelessness_report_11_8_2022_files/figure-latex/unnamed-chunk-6-1.pdf  used on input line 613.
(pdftex.def)             Requested size: 415.39986pt x 287.5845pt.
[11 <./2022_08_02_Empathy_Poor_Homelessness_report_11_8_2022_files/figure-latex/social-mobility-childhood-education-1.pdf> <./2022_08_02_Empathy_Poor_Homelessness_report_11_8_2022_files/figure-latex/social-mobility-college-education-1.pdf>]
<2022_08_02_Empathy_Poor_Homelessness_report_11_8_2022_files/figure-latex/empathetic-concern-1-1.pdf, id=541, 469.755pt x 325.215pt>
File: 2022_08_02_Empathy_Poor_Homelessness_report_11_8_2022_files/figure-latex/empathetic-concern-1-1.pdf Graphic file (type pdf)
<use 2022_08_02_Empathy_Poor_Homelessness_report_11_8_2022_files/figure-latex/empathetic-concern-1-1.pdf>
Package pdftex.def Info: 2022_08_02_Empathy_Poor_Homelessness_report_11_8_2022_files/figure-latex/empathetic-concern-1-1.pdf  used on input line 623.
(pdftex.def)             Requested size: 415.39986pt x 287.5845pt.
<2022_08_02_Empathy_Poor_Homelessness_report_11_8_2022_files/figure-latex/empathetic-concern-2-1.pdf, id=542, 469.755pt x 325.215pt>
File: 2022_08_02_Empathy_Poor_Homelessness_report_11_8_2022_files/figure-latex/empathetic-concern-2-1.pdf Graphic file (type pdf)
<use 2022_08_02_Empathy_Poor_Homelessness_report_11_8_2022_files/figure-latex/empathetic-concern-2-1.pdf>
Package pdftex.def Info: 2022_08_02_Empathy_Poor_Homelessness_report_11_8_2022_files/figure-latex/empathetic-concern-2-1.pdf  used on input line 631.
(pdftex.def)             Requested size: 415.39986pt x 287.5845pt.
[12 <./2022_08_02_Empathy_Poor_Homelessness_report_11_8_2022_files/figure-latex/unnamed-chunk-6-1.pdf> <./2022_08_02_Empathy_Poor_Homelessness_report_11_8_2022_files/figure-latex/empathetic-concern-1-1.pdf>]
<2022_08_02_Empathy_Poor_Homelessness_report_11_8_2022_files/figure-latex/perspective-taking-1-1.pdf, id=570, 469.755pt x 325.215pt>
File: 2022_08_02_Empathy_Poor_Homelessness_report_11_8_2022_files/figure-latex/perspective-taking-1-1.pdf Graphic file (type pdf)
<use 2022_08_02_Empathy_Poor_Homelessness_report_11_8_2022_files/figure-latex/perspective-taking-1-1.pdf>
Package pdftex.def Info: 2022_08_02_Empathy_Poor_Homelessness_report_11_8_2022_files/figure-latex/perspective-taking-1-1.pdf  used on input line 643.
(pdftex.def)             Requested size: 415.39986pt x 287.5845pt.
<2022_08_02_Empathy_Poor_Homelessness_report_11_8_2022_files/figure-latex/perspective-taking-2-1.pdf, id=571, 469.755pt x 325.215pt>
File: 2022_08_02_Empathy_Poor_Homelessness_report_11_8_2022_files/figure-latex/perspective-taking-2-1.pdf Graphic file (type pdf)
<use 2022_08_02_Empathy_Poor_Homelessness_report_11_8_2022_files/figure-latex/perspective-taking-2-1.pdf>
Package pdftex.def Info: 2022_08_02_Empathy_Poor_Homelessness_report_11_8_2022_files/figure-latex/perspective-taking-2-1.pdf  used on input line 651.
(pdftex.def)             Requested size: 415.39986pt x 287.5845pt.
[13 <./2022_08_02_Empathy_Poor_Homelessness_report_11_8_2022_files/figure-latex/empathetic-concern-2-1.pdf> <./2022_08_02_Empathy_Poor_Homelessness_report_11_8_2022_files/figure-latex/perspective-taking-1-1.pdf>]
<2022_08_02_Empathy_Poor_Homelessness_report_11_8_2022_files/figure-latex/unnamed-chunk-8-1.pdf, id=597, 469.755pt x 325.215pt>
File: 2022_08_02_Empathy_Poor_Homelessness_report_11_8_2022_files/figure-latex/unnamed-chunk-8-1.pdf Graphic file (type pdf)
<use 2022_08_02_Empathy_Poor_Homelessness_report_11_8_2022_files/figure-latex/unnamed-chunk-8-1.pdf>
Package pdftex.def Info: 2022_08_02_Empathy_Poor_Homelessness_report_11_8_2022_files/figure-latex/unnamed-chunk-8-1.pdf  used on input line 661.
(pdftex.def)             Requested size: 415.39986pt x 287.5845pt.
<2022_08_02_Empathy_Poor_Homelessness_report_11_8_2022_files/figure-latex/unnamed-chunk-9-1.pdf, id=598, 469.755pt x 325.215pt>
File: 2022_08_02_Empathy_Poor_Homelessness_report_11_8_2022_files/figure-latex/unnamed-chunk-9-1.pdf Graphic file (type pdf)
<use 2022_08_02_Empathy_Poor_Homelessness_report_11_8_2022_files/figure-latex/unnamed-chunk-9-1.pdf>
Package pdftex.def Info: 2022_08_02_Empathy_Poor_Homelessness_report_11_8_2022_files/figure-latex/unnamed-chunk-9-1.pdf  used on input line 663.
(pdftex.def)             Requested size: 415.39986pt x 287.5845pt.
[14 <./2022_08_02_Empathy_Poor_Homelessness_report_11_8_2022_files/figure-latex/perspective-taking-2-1.pdf> <./2022_08_02_Empathy_Poor_Homelessness_report_11_8_2022_files/figure-latex/unnamed-chunk-8-1.pdf>]
<2022_08_02_Empathy_Poor_Homelessness_report_11_8_2022_files/figure-latex/dispositional-attribution-1-1.pdf, id=624, 469.755pt x 325.215pt>
File: 2022_08_02_Empathy_Poor_Homelessness_report_11_8_2022_files/figure-latex/dispositional-attribution-1-1.pdf Graphic file (type pdf)
<use 2022_08_02_Empathy_Poor_Homelessness_report_11_8_2022_files/figure-latex/dispositional-attribution-1-1.pdf>
Package pdftex.def Info: 2022_08_02_Empathy_Poor_Homelessness_report_11_8_2022_files/figure-latex/dispositional-attribution-1-1.pdf  used on input line 670.
(pdftex.def)             Requested size: 415.39986pt x 287.5845pt.
<2022_08_02_Empathy_Poor_Homelessness_report_11_8_2022_files/figure-latex/dispositional-attribution-2-1.pdf, id=625, 469.755pt x 325.215pt>
File: 2022_08_02_Empathy_Poor_Homelessness_report_11_8_2022_files/figure-latex/dispositional-attribution-2-1.pdf Graphic file (type pdf)
<use 2022_08_02_Empathy_Poor_Homelessness_report_11_8_2022_files/figure-latex/dispositional-attribution-2-1.pdf>
Package pdftex.def Info: 2022_08_02_Empathy_Poor_Homelessness_report_11_8_2022_files/figure-latex/dispositional-attribution-2-1.pdf  used on input line 678.
(pdftex.def)             Requested size: 415.39986pt x 287.5845pt.
[15 <./2022_08_02_Empathy_Poor_Homelessness_report_11_8_2022_files/figure-latex/unnamed-chunk-9-1.pdf> <./2022_08_02_Empathy_Poor_Homelessness_report_11_8_2022_files/figure-latex/dispositional-attribution-1-1.pdf>] [16 <./2022_08_02_Empathy_Poor_Homelessness_report_11_8_2022_files/figure-latex/dispositional-attribution-2-1.pdf>]
<2022_08_02_Empathy_Poor_Homelessness_report_11_8_2022_files/figure-latex/unnamed-chunk-10-1.pdf, id=666, 469.755pt x 325.215pt>
File: 2022_08_02_Empathy_Poor_Homelessness_report_11_8_2022_files/figure-latex/unnamed-chunk-10-1.pdf Graphic file (type pdf)
<use 2022_08_02_Empathy_Poor_Homelessness_report_11_8_2022_files/figure-latex/unnamed-chunk-10-1.pdf>
Package pdftex.def Info: 2022_08_02_Empathy_Poor_Homelessness_report_11_8_2022_files/figure-latex/unnamed-chunk-10-1.pdf  used on input line 695.
(pdftex.def)             Requested size: 400.39032pt x 277.1933pt.
<2022_08_02_Empathy_Poor_Homelessness_report_11_8_2022_files/figure-latex/composite-empa-persp-1.pdf, id=667, 469.755pt x 325.215pt>
File: 2022_08_02_Empathy_Poor_Homelessness_report_11_8_2022_files/figure-latex/composite-empa-persp-1.pdf Graphic file (type pdf)
<use 2022_08_02_Empathy_Poor_Homelessness_report_11_8_2022_files/figure-latex/composite-empa-persp-1.pdf>
Package pdftex.def Info: 2022_08_02_Empathy_Poor_Homelessness_report_11_8_2022_files/figure-latex/composite-empa-persp-1.pdf  used on input line 707.
(pdftex.def)             Requested size: 415.39986pt x 287.5845pt.
[17 <./2022_08_02_Empathy_Poor_Homelessness_report_11_8_2022_files/figure-latex/unnamed-chunk-10-1.pdf>]
<2022_08_02_Empathy_Poor_Homelessness_report_11_8_2022_files/figure-latex/composite-attribution-1.pdf, id=683, 469.755pt x 325.215pt>
File: 2022_08_02_Empathy_Poor_Homelessness_report_11_8_2022_files/figure-latex/composite-attribution-1.pdf Graphic file (type pdf)
<use 2022_08_02_Empathy_Poor_Homelessness_report_11_8_2022_files/figure-latex/composite-attribution-1.pdf>
Package pdftex.def Info: 2022_08_02_Empathy_Poor_Homelessness_report_11_8_2022_files/figure-latex/composite-attribution-1.pdf  used on input line 716.
(pdftex.def)             Requested size: 415.39986pt x 287.5845pt.
<2022_08_02_Empathy_Poor_Homelessness_report_11_8_2022_files/figure-latex/composite-GenWelfSupp-Welf4Poor-1.pdf, id=684, 469.755pt x 325.215pt>
File: 2022_08_02_Empathy_Poor_Homelessness_report_11_8_2022_files/figure-latex/composite-GenWelfSupp-Welf4Poor-1.pdf Graphic file (type pdf)
<use 2022_08_02_Empathy_Poor_Homelessness_report_11_8_2022_files/figure-latex/composite-GenWelfSupp-Welf4Poor-1.pdf>
Package pdftex.def Info: 2022_08_02_Empathy_Poor_Homelessness_report_11_8_2022_files/figure-latex/composite-GenWelfSupp-Welf4Poor-1.pdf  used on input line 728.
(pdftex.def)             Requested size: 415.39986pt x 287.5845pt.
[18 <./2022_08_02_Empathy_Poor_Homelessness_report_11_8_2022_files/figure-latex/composite-empa-persp-1.pdf> <./2022_08_02_Empathy_Poor_Homelessness_report_11_8_2022_files/figure-latex/composite-attribution-1.pdf>]
<2022_08_02_Empathy_Poor_Homelessness_report_11_8_2022_files/figure-latex/composite-Welf4HardWork-SpecWelf4Mob-1.pdf, id=710, 469.755pt x 325.215pt>
File: 2022_08_02_Empathy_Poor_Homelessness_report_11_8_2022_files/figure-latex/composite-Welf4HardWork-SpecWelf4Mob-1.pdf Graphic file (type pdf)
<use 2022_08_02_Empathy_Poor_Homelessness_report_11_8_2022_files/figure-latex/composite-Welf4HardWork-SpecWelf4Mob-1.pdf>
Package pdftex.def Info: 2022_08_02_Empathy_Poor_Homelessness_report_11_8_2022_files/figure-latex/composite-Welf4HardWork-SpecWelf4Mob-1.pdf  used on input line 737.
(pdftex.def)             Requested size: 415.39986pt x 287.5845pt.
<2022_08_02_Empathy_Poor_Homelessness_report_11_8_2022_files/figure-latex/composite-SpecWelf4Poor-IneqMagnPercep-1.pdf, id=711, 469.755pt x 325.215pt>
File: 2022_08_02_Empathy_Poor_Homelessness_report_11_8_2022_files/figure-latex/composite-SpecWelf4Poor-IneqMagnPercep-1.pdf Graphic file (type pdf)
<use 2022_08_02_Empathy_Poor_Homelessness_report_11_8_2022_files/figure-latex/composite-SpecWelf4Poor-IneqMagnPercep-1.pdf>
Package pdftex.def Info: 2022_08_02_Empathy_Poor_Homelessness_report_11_8_2022_files/figure-latex/composite-SpecWelf4Poor-IneqMagnPercep-1.pdf  used on input line 746.
(pdftex.def)             Requested size: 415.39986pt x 287.5845pt.
[19 <./2022_08_02_Empathy_Poor_Homelessness_report_11_8_2022_files/figure-latex/composite-GenWelfSupp-Welf4Poor-1.pdf> <./2022_08_02_Empathy_Poor_Homelessness_report_11_8_2022_files/figure-latex/composite-Welf4HardWork-SpecWelf4Mob-1.pdf>] [20 <./2022_08_02_Empathy_Poor_Homelessness_report_11_8_2022_files/figure-latex/composite-SpecWelf4Poor-IneqMagnPercep-1.pdf>]
<2022_08_02_Empathy_Poor_Homelessness_report_11_8_2022_files/figure-latex/unnamed-chunk-11-1.pdf, id=752, 469.755pt x 325.215pt>
File: 2022_08_02_Empathy_Poor_Homelessness_report_11_8_2022_files/figure-latex/unnamed-chunk-11-1.pdf Graphic file (type pdf)
<use 2022_08_02_Empathy_Poor_Homelessness_report_11_8_2022_files/figure-latex/unnamed-chunk-11-1.pdf>
Package pdftex.def Info: 2022_08_02_Empathy_Poor_Homelessness_report_11_8_2022_files/figure-latex/unnamed-chunk-11-1.pdf  used on input line 764.
(pdftex.def)             Requested size: 415.39986pt x 287.5845pt.
LaTeX Font Info:    External font `lmex10' loaded for size
(Font)              <9> on input line 770.
LaTeX Font Info:    External font `lmex10' loaded for size
(Font)              <6> on input line 770.
<2022_08_02_Empathy_Poor_Homelessness_report_11_8_2022_files/figure-latex/unnamed-chunk-13-1.pdf, id=753, 469.755pt x 325.215pt>
File: 2022_08_02_Empathy_Poor_Homelessness_report_11_8_2022_files/figure-latex/unnamed-chunk-13-1.pdf Graphic file (type pdf)
<use 2022_08_02_Empathy_Poor_Homelessness_report_11_8_2022_files/figure-latex/unnamed-chunk-13-1.pdf>
Package pdftex.def Info: 2022_08_02_Empathy_Poor_Homelessness_report_11_8_2022_files/figure-latex/unnamed-chunk-13-1.pdf  used on input line 801.
(pdftex.def)             Requested size: 415.39986pt x 287.5845pt.
[21 <./2022_08_02_Empathy_Poor_Homelessness_report_11_8_2022_files/figure-latex/unnamed-chunk-11-1.pdf>] [22 <./2022_08_02_Empathy_Poor_Homelessness_report_11_8_2022_files/figure-latex/unnamed-chunk-13-1.pdf>]
<2022_08_02_Empathy_Poor_Homelessness_report_11_8_2022_files/figure-latex/unnamed-chunk-15-1.pdf, id=783, 469.755pt x 325.215pt>
File: 2022_08_02_Empathy_Poor_Homelessness_report_11_8_2022_files/figure-latex/unnamed-chunk-15-1.pdf Graphic file (type pdf)
<use 2022_08_02_Empathy_Poor_Homelessness_report_11_8_2022_files/figure-latex/unnamed-chunk-15-1.pdf>
Package pdftex.def Info: 2022_08_02_Empathy_Poor_Homelessness_report_11_8_2022_files/figure-latex/unnamed-chunk-15-1.pdf  used on input line 859.
(pdftex.def)             Requested size: 415.39986pt x 287.5845pt.
[23]
<2022_08_02_Empathy_Poor_Homelessness_report_11_8_2022_files/figure-latex/unnamed-chunk-17-1.pdf, id=788, 469.755pt x 325.215pt>
File: 2022_08_02_Empathy_Poor_Homelessness_report_11_8_2022_files/figure-latex/unnamed-chunk-17-1.pdf Graphic file (type pdf)
<use 2022_08_02_Empathy_Poor_Homelessness_report_11_8_2022_files/figure-latex/unnamed-chunk-17-1.pdf>
Package pdftex.def Info: 2022_08_02_Empathy_Poor_Homelessness_report_11_8_2022_files/figure-latex/unnamed-chunk-17-1.pdf  used on input line 896.
(pdftex.def)             Requested size: 415.39986pt x 287.5845pt.
[24 <./2022_08_02_Empathy_Poor_Homelessness_report_11_8_2022_files/figure-latex/unnamed-chunk-15-1.pdf>] [25 <./2022_08_02_Empathy_Poor_Homelessness_report_11_8_2022_files/figure-latex/unnamed-chunk-17-1.pdf>]
<2022_08_02_Empathy_Poor_Homelessness_report_11_8_2022_files/figure-latex/unnamed-chunk-19-1.pdf, id=809, 469.755pt x 325.215pt>
File: 2022_08_02_Empathy_Poor_Homelessness_report_11_8_2022_files/figure-latex/unnamed-chunk-19-1.pdf Graphic file (type pdf)
<use 2022_08_02_Empathy_Poor_Homelessness_report_11_8_2022_files/figure-latex/unnamed-chunk-19-1.pdf>
Package pdftex.def Info: 2022_08_02_Empathy_Poor_Homelessness_report_11_8_2022_files/figure-latex/unnamed-chunk-19-1.pdf  used on input line 954.
(pdftex.def)             Requested size: 415.39986pt x 287.5845pt.
[26]
Overfull \hbox (47.85942pt too wide) in paragraph at lines 960--984
 [][] 
 []

<2022_08_02_Empathy_Poor_Homelessness_report_11_8_2022_files/figure-latex/plot-effects-m-dv-dem-1.pdf, id=816, 469.755pt x 325.215pt>
File: 2022_08_02_Empathy_Poor_Homelessness_report_11_8_2022_files/figure-latex/plot-effects-m-dv-dem-1.pdf Graphic file (type pdf)
<use 2022_08_02_Empathy_Poor_Homelessness_report_11_8_2022_files/figure-latex/plot-effects-m-dv-dem-1.pdf>
Package pdftex.def Info: 2022_08_02_Empathy_Poor_Homelessness_report_11_8_2022_files/figure-latex/plot-effects-m-dv-dem-1.pdf  used on input line 991.
(pdftex.def)             Requested size: 415.39986pt x 287.5845pt.
[27 <./2022_08_02_Empathy_Poor_Homelessness_report_11_8_2022_files/figure-latex/unnamed-chunk-19-1.pdf>]
Overfull \hbox (28.12341pt too wide) in paragraph at lines 1002--1044
 [][] 
 []

[28 <./2022_08_02_Empathy_Poor_Homelessness_report_11_8_2022_files/figure-latex/plot-effects-m-dv-dem-1.pdf>]
<2022_08_02_Empathy_Poor_Homelessness_report_11_8_2022_files/figure-latex/unnamed-chunk-22-1.pdf, id=837, 469.755pt x 325.215pt>
File: 2022_08_02_Empathy_Poor_Homelessness_report_11_8_2022_files/figure-latex/unnamed-chunk-22-1.pdf Graphic file (type pdf)
<use 2022_08_02_Empathy_Poor_Homelessness_report_11_8_2022_files/figure-latex/unnamed-chunk-22-1.pdf>
Package pdftex.def Info: 2022_08_02_Empathy_Poor_Homelessness_report_11_8_2022_files/figure-latex/unnamed-chunk-22-1.pdf  used on input line 1049.
(pdftex.def)             Requested size: 415.39986pt x 287.5845pt.
[29]
Overfull \hbox (47.85942pt too wide) in paragraph at lines 1055--1081
 [][] 
 []

<2022_08_02_Empathy_Poor_Homelessness_report_11_8_2022_files/figure-latex/unnamed-chunk-24-1.pdf, id=842, 469.755pt x 325.215pt>
File: 2022_08_02_Empathy_Poor_Homelessness_report_11_8_2022_files/figure-latex/unnamed-chunk-24-1.pdf Graphic file (type pdf)
<use 2022_08_02_Empathy_Poor_Homelessness_report_11_8_2022_files/figure-latex/unnamed-chunk-24-1.pdf>
Package pdftex.def Info: 2022_08_02_Empathy_Poor_Homelessness_report_11_8_2022_files/figure-latex/unnamed-chunk-24-1.pdf  used on input line 1086.
(pdftex.def)             Requested size: 415.39986pt x 287.5845pt.
[30 <./2022_08_02_Empathy_Poor_Homelessness_report_11_8_2022_files/figure-latex/unnamed-chunk-22-1.pdf>]
Overfull \hbox (28.12341pt too wide) in paragraph at lines 1092--1136
 [][] 
 []

[31 <./2022_08_02_Empathy_Poor_Homelessness_report_11_8_2022_files/figure-latex/unnamed-chunk-24-1.pdf>]
<moderated_mediation_a_c.png, id=863, 1242.6425pt x 866.23625pt>
File: moderated_mediation_a_c.png Graphic file (type png)
<use moderated_mediation_a_c.png>
Package pdftex.def Info: moderated_mediation_a_c.png  used on input line 1141.
(pdftex.def)             Requested size: 325.29788pt x 226.76259pt.
[32]
<2022_08_02_Empathy_Poor_Homelessness_report_11_8_2022_files/figure-latex/plot-effects-mediation-low-1.pdf, id=871, 469.755pt x 325.215pt>
File: 2022_08_02_Empathy_Poor_Homelessness_report_11_8_2022_files/figure-latex/plot-effects-mediation-low-1.pdf Graphic file (type pdf)
<use 2022_08_02_Empathy_Poor_Homelessness_report_11_8_2022_files/figure-latex/plot-effects-mediation-low-1.pdf>
Package pdftex.def Info: 2022_08_02_Empathy_Poor_Homelessness_report_11_8_2022_files/figure-latex/plot-effects-mediation-low-1.pdf  used on input line 1165.
(pdftex.def)             Requested size: 430.41655pt x 297.98068pt.
[33 <./moderated_mediation_a_c.png>]
<2022_08_02_Empathy_Poor_Homelessness_report_11_8_2022_files/figure-latex/plot-effects-mediation-high-1.pdf, id=880, 469.755pt x 325.215pt>
File: 2022_08_02_Empathy_Poor_Homelessness_report_11_8_2022_files/figure-latex/plot-effects-mediation-high-1.pdf Graphic file (type pdf)
<use 2022_08_02_Empathy_Poor_Homelessness_report_11_8_2022_files/figure-latex/plot-effects-mediation-high-1.pdf>
Package pdftex.def Info: 2022_08_02_Empathy_Poor_Homelessness_report_11_8_2022_files/figure-latex/plot-effects-mediation-high-1.pdf  used on input line 1174.
(pdftex.def)             Requested size: 430.41655pt x 297.98068pt.
[34 <./2022_08_02_Empathy_Poor_Homelessness_report_11_8_2022_files/figure-latex/plot-effects-mediation-low-1.pdf> <./2022_08_02_Empathy_Poor_Homelessness_report_11_8_2022_files/figure-latex/plot-effects-mediation-high-1.pdf>]
LaTeX Font Info:    Trying to load font information for T1+lmtt on input line 1187.
(/Users/davidbroska/Library/TinyTeX/texmf-dist/tex/latex/lm/t1lmtt.fd
File: t1lmtt.fd 2015/05/01 v1.6.1 Font defs for Latin Modern
) [35] (./2022_08_02_Empathy_Poor_Homelessness_report_11_8_2022.aux)

LaTeX Warning: There were multiply-defined labels.

Package rerunfilecheck Info: File `2022_08_02_Empathy_Poor_Homelessness_report_11_8_2022.out' has not changed.
(rerunfilecheck)             Checksum: 2F97FA8AE39D8AB67593C31EB025184D;8562.
 ) 
Here is how much of TeX's memory you used:
 13996 strings out of 476928
 252370 string characters out of 5824134
 600744 words of memory out of 5000000
 34758 multiletter control sequences out of 15000+600000
 524572 words of font info for 68 fonts, out of 8000000 for 9000
 14 hyphenation exceptions out of 8191
 72i,17n,77p,534b,525s stack positions out of 10000i,1000n,20000p,200000b,200000s
{/Users/davidbroska/Library/TinyTeX/texmf-dist/fonts/enc/dvips/lm/lm-ec.enc}{/Users/davidbroska/Library/TinyTeX/texmf-dist/fonts/enc/dvips/lm/lm-mathsy.enc}{/Users/davidbroska/Library/TinyTeX/texmf-dist/fonts/enc/dvips/lm/lm-rm.enc}{/Users/davidbroska/Library/TinyTeX/texmf-dist/fonts/enc/dvips/lm/lm-mathit.enc}{/Users/davidbroska/Library/TinyTeX/texmf-dist/fonts/enc/dvips/lm/lm-ts1.enc}</Users/davidbroska/Library/TinyTeX/texmf-dist/fonts/type1/public/lm/lmbx10.pfb></Users/davidbroska/Library/TinyTeX/texmf-dist/fonts/type1/public/lm/lmbx12.pfb></Users/davidbroska/Library/TinyTeX/texmf-dist/fonts/type1/public/lm/lmmi10.pfb></Users/davidbroska/Library/TinyTeX/texmf-dist/fonts/type1/public/lm/lmmi7.pfb></Users/davidbroska/Library/TinyTeX/texmf-dist/fonts/type1/public/lm/lmmi9.pfb></Users/davidbroska/Library/TinyTeX/texmf-dist/fonts/type1/public/lm/lmr10.pfb></Users/davidbroska/Library/TinyTeX/texmf-dist/fonts/type1/public/lm/lmr12.pfb></Users/davidbroska/Library/TinyTeX/texmf-dist/fonts/type1/public/lm/lmr6.pfb></Users/davidbroska/Library/TinyTeX/texmf-dist/fonts/type1/public/lm/lmr7.pfb></Users/davidbroska/Library/TinyTeX/texmf-dist/fonts/type1/public/lm/lmr9.pfb></Users/davidbroska/Library/TinyTeX/texmf-dist/fonts/type1/public/lm/lmri9.pfb></Users/davidbroska/Library/TinyTeX/texmf-dist/fonts/type1/public/lm/lmsy6.pfb></Users/davidbroska/Library/TinyTeX/texmf-dist/fonts/type1/public/lm/lmsy7.pfb></Users/davidbroska/Library/TinyTeX/texmf-dist/fonts/type1/public/lm/lmsy9.pfb></Users/davidbroska/Library/TinyTeX/texmf-dist/fonts/type1/public/lm/lmtt10.pfb>
Output written on 2022_08_02_Empathy_Poor_Homelessness_report_11_8_2022.pdf (40 pages, 1358973 bytes).
PDF statistics:
 1023 PDF objects out of 1200 (max. 8388607)
 863 compressed objects within 9 object streams
 177 named destinations out of 1000 (max. 500000)
 567 words of extra memory for PDF output out of 10000 (max. 10000000)

